#
# There is insufficient memory for the Java Runtime Environment to continue.
# Native memory allocation (mmap) failed to map 264241152 bytes for Failed to commit area from 0x0000000704600000 to 0x0000000714200000 of length 264241152.
# Possible reasons:
#   The system is out of physical RAM or swap space
#   The process is running with CompressedOops enabled, and the Java Heap may be blocking the growth of the native heap
# Possible solutions:
#   Reduce memory load on the system
#   Increase physical memory or swap space
#   Check if swap backing store is full
#   Decrease Java heap size (-Xmx/-Xms)
#   Decrease number of Java threads
#   Decrease Java thread stack sizes (-Xss)
#   Set larger code cache with -XX:ReservedCodeCacheSize=
# This output file may be truncated or incomplete.
#
#  Out of Memory Error (./src/hotspot/os/windows/os_windows.cpp:3311), pid=32456, tid=27324
#
# JRE version:  (11.0.12+7) (build )
# Java VM: OpenJDK 64-Bit Server VM (11.0.12+7-LTS, mixed mode, sharing, tiered, compressed oops, g1 gc, windows-amd64)
# No core dump will be written. Minidumps are not enabled by default on client versions of Windows
#

---------------  S U M M A R Y ------------

Command Line: -agentlib:jdwp=transport=dt_socket,server=n,suspend=y,address=localhost:57323 Main

Host: 11th Gen Intel(R) Core(TM) i5-1135G7 @ 2.40GHz, 8 cores, 15G,  Windows 10 , 64 bit Build 19041 (10.0.19041.1348)
Time: Sun Dec 26 17:03:24 2021 W. Europe Standard Time elapsed time: 0.025045 seconds (0d 0h 0m 0s)

---------------  T H R E A D  ---------------

Current thread (0x000001cf910ea000):  JavaThread "Unknown thread" [_thread_in_vm, id=27324, stack(0x000000c316b00000,0x000000c316c00000)]

Stack: [0x000000c316b00000,0x000000c316c00000]
Native frames: (J=compiled Java code, j=interpreted, Vv=VM code, C=native code)
V  [jvm.dll+0x601cea]
V  [jvm.dll+0x78ab4e]
V  [jvm.dll+0x78c21f]
V  [jvm.dll+0x78c8e3]
V  [jvm.dll+0x24be68]
V  [jvm.dll+0x5fee8a]
V  [jvm.dll+0x5f3945]
V  [jvm.dll+0x303aec]
V  [jvm.dll+0x303972]
V  [jvm.dll+0x308696]
V  [jvm.dll+0x34d55f]
V  [jvm.dll+0x34cf90]
V  [jvm.dll+0x2e0bf8]
V  [jvm.dll+0x2e1d56]
V  [jvm.dll+0x765ed7]
V  [jvm.dll+0x76765f]
V  [jvm.dll+0x35a2e9]
V  [jvm.dll+0x748f60]
V  [jvm.dll+0x3c1f1f]
V  [jvm.dll+0x3c43f1]
C  [jli.dll+0x5207]
C  [ucrtbase.dll+0x21bb2]
C  [KERNEL32.DLL+0x17034]
C  [ntdll.dll+0x52651]


---------------  P R O C E S S  ---------------

Threads class SMR info:
_java_thread_list=0x000001cf8efa2cb0, length=0, elements={
}

Java Threads: ( => current thread )

Other Threads:
  0x000001cf91102000 GCTaskThread "GC Thread#0" [stack: 0x000000c316c00000,0x000000c316d00000] [id=32708]
  0x000001cf9115e800 ConcurrentGCThread "G1 Main Marker" [stack: 0x000000c316d00000,0x000000c316e00000] [id=20900]
  0x000001cf91160800 ConcurrentGCThread "G1 Conc#0" [stack: 0x000000c316e00000,0x000000c316f00000] [id=23436]

[error occurred during error reporting (printing all threads), id 0xc0000005, EXCEPTION_ACCESS_VIOLATION (0xc0000005) at pc=0x00007fffee0402c7]

VM state:not at safepoint (not fully initialized)

VM Mutex/Monitor currently owned by a thread:  ([mutex/lock_event])
[0x000001cf910e7b20] Heap_lock - owner thread: 0x000001cf910ea000

Heap address: 0x0000000704600000, size: 4026 MB, Compressed Oops mode: Non-zero based: 0x0000000704600000
Narrow klass base: 0x0000000000000000, Narrow klass shift: 0

GC Heap History (0 events):
No events

Deoptimization events (0 events):
No events

Classes redefined (0 events):
No events

Internal exceptions (0 events):
No events

Events (1 events):
Event: 0.008 Loaded shared library C:\Program Files\RedHat\java-11-openjdk-11.0.12-1\bin\zip.dll


Dynamic libraries:
0x00007ff7f89f0000 - 0x00007ff7f8a52000 	C:\Program Files\RedHat\java-11-openjdk-11.0.12-1\bin\java.exe
0x00007ff85bf30000 - 0x00007ff85c125000 	C:\WINDOWS\SYSTEM32\ntdll.dll
0x00007ff85bc30000 - 0x00007ff85bcee000 	C:\WINDOWS\System32\KERNEL32.DLL
0x00007ff859cb0000 - 0x00007ff859f78000 	C:\WINDOWS\System32\KERNELBASE.dll
0x00007ff859650000 - 0x00007ff859750000 	C:\WINDOWS\System32\ucrtbase.dll
0x00007ff84d240000 - 0x00007ff84d257000 	C:\Program Files\RedHat\java-11-openjdk-11.0.12-1\bin\jli.dll
0x00007ff845ca0000 - 0x00007ff845cb5000 	C:\Program Files\RedHat\java-11-openjdk-11.0.12-1\bin\VCRUNTIME140.dll
0x00007ff85b920000 - 0x00007ff85bac1000 	C:\WINDOWS\System32\USER32.dll
0x00007ff859750000 - 0x00007ff859772000 	C:\WINDOWS\System32\win32u.dll
0x00007ff85b520000 - 0x00007ff85b54b000 	C:\WINDOWS\System32\GDI32.dll
0x00007ff859af0000 - 0x00007ff859bfb000 	C:\WINDOWS\System32\gdi32full.dll
0x00007ff8598f0000 - 0x00007ff85998d000 	C:\WINDOWS\System32\msvcp_win.dll
0x00007ff84cd20000 - 0x00007ff84cfba000 	C:\WINDOWS\WinSxS\amd64_microsoft.windows.common-controls_6595b64144ccf1df_6.0.19041.1110_none_60b5254171f9507e\COMCTL32.dll
0x00007ff85b680000 - 0x00007ff85b71e000 	C:\WINDOWS\System32\msvcrt.dll
0x00007ff85a8b0000 - 0x00007ff85a8e0000 	C:\WINDOWS\System32\IMM32.DLL
0x00007ff82db30000 - 0x00007ff82dbcb000 	C:\Program Files\RedHat\java-11-openjdk-11.0.12-1\bin\msvcp140.dll
0x00007fffedd50000 - 0x00007fffee8a9000 	C:\Program Files\RedHat\java-11-openjdk-11.0.12-1\bin\server\jvm.dll
0x00007ff85bda0000 - 0x00007ff85be4c000 	C:\WINDOWS\System32\ADVAPI32.dll
0x00007ff85be50000 - 0x00007ff85beeb000 	C:\WINDOWS\System32\sechost.dll
0x00007ff85a240000 - 0x00007ff85a36a000 	C:\WINDOWS\System32\RPCRT4.dll
0x00007ff85bad0000 - 0x00007ff85bad8000 	C:\WINDOWS\System32\PSAPI.DLL
0x00007ff83e920000 - 0x00007ff83e947000 	C:\WINDOWS\SYSTEM32\WINMM.dll
0x00007ff83f290000 - 0x00007ff83f299000 	C:\WINDOWS\SYSTEM32\WSOCK32.dll
0x00007ff84a0f0000 - 0x00007ff84a0fa000 	C:\WINDOWS\SYSTEM32\VERSION.dll
0x00007ff85b7e0000 - 0x00007ff85b84b000 	C:\WINDOWS\System32\WS2_32.dll
0x00007ff857d80000 - 0x00007ff857d92000 	C:\WINDOWS\SYSTEM32\kernel.appcore.dll
0x00007ff857160000 - 0x00007ff857170000 	C:\Program Files\RedHat\java-11-openjdk-11.0.12-1\bin\verify.dll
0x00007ff8573b0000 - 0x00007ff857594000 	C:\WINDOWS\SYSTEM32\DBGHELP.DLL
0x00007ff84b250000 - 0x00007ff84b27c000 	C:\WINDOWS\SYSTEM32\dbgcore.DLL
0x00007ff859800000 - 0x00007ff859883000 	C:\WINDOWS\System32\bcryptPrimitives.dll
0x00007ff836c60000 - 0x00007ff836c88000 	C:\Program Files\RedHat\java-11-openjdk-11.0.12-1\bin\java.dll
0x00007ff8570c0000 - 0x00007ff8570ca000 	C:\Program Files\RedHat\java-11-openjdk-11.0.12-1\bin\jimage.dll
0x00007ff8454e0000 - 0x00007ff845518000 	C:\Program Files\RedHat\java-11-openjdk-11.0.12-1\bin\jdwp.dll
0x00007ff8458d0000 - 0x00007ff8458e7000 	C:\Program Files\RedHat\java-11-openjdk-11.0.12-1\bin\zip.dll

dbghelp: loaded successfully - version: 4.0.5 - missing functions: none
symbol engine: initialized successfully - sym options: 0x614 - pdb path: .;C:\Program Files\RedHat\java-11-openjdk-11.0.12-1\bin;C:\WINDOWS\SYSTEM32;C:\WINDOWS\WinSxS\amd64_microsoft.windows.common-controls_6595b64144ccf1df_6.0.19041.1110_none_60b5254171f9507e;C:\Program Files\RedHat\java-11-openjdk-11.0.12-1\bin\server

VM Arguments:
jvm_args: -agentlib:jdwp=transport=dt_socket,server=n,suspend=y,address=localhost:57323 
java_command: Main
java_class_path (initial): C:\Users\mj_study\AppData\Roaming\Code\User\workspaceStorage\5662b8b040f8b8205c710b0782322eaa\redhat.java\jdt_ws\MemoryJava_43195433\bin
Launcher Type: SUN_STANDARD

[Global flags]
     intx CICompilerCount                          = 4                                         {product} {ergonomic}
     uint ConcGCThreads                            = 2                                         {product} {ergonomic}
     uint G1ConcRefinementThreads                  = 8                                         {product} {ergonomic}
   size_t G1HeapRegionSize                         = 1048576                                   {product} {ergonomic}
    uintx GCDrainStackTargetSize                   = 64                                        {product} {ergonomic}
   size_t InitialHeapSize                          = 264241152                                 {product} {ergonomic}
   size_t MarkStackSize                            = 4194304                                   {product} {ergonomic}
   size_t MaxHeapSize                              = 4221566976                                {product} {ergonomic}
   size_t MinHeapDeltaBytes                        = 1048576                                   {product} {ergonomic}
    uintx NonNMethodCodeHeapSize                   = 5836300                                {pd product} {ergonomic}
    uintx NonProfiledCodeHeapSize                  = 122910970                              {pd product} {ergonomic}
    uintx ProfiledCodeHeapSize                     = 122910970                              {pd product} {ergonomic}
    uintx ReservedCodeCacheSize                    = 251658240                              {pd product} {ergonomic}
     bool SegmentedCodeCache                       = true                                      {product} {ergonomic}
     bool UseCompressedClassPointers               = true                                 {lp64_product} {ergonomic}
     bool UseCompressedOops                        = true                                 {lp64_product} {ergonomic}
     bool UseG1GC                                  = true                                      {product} {ergonomic}
     bool UseLargePagesIndividualAllocation        = false                                  {pd product} {ergonomic}

Logging:
Log output configuration:
 #0: stdout all=warning uptime,level,tags
 #1: stderr all=off uptime,level,tags

Environment Variables:
PATH=C:\Program Files\PowerShell\7;C:\WINDOWS\system32;C:\WINDOWS;C:\WINDOWS\System32\Wbem;C:\WINDOWS\System32\WindowsPowerShell\v1.0\;C:\WINDOWS\System32\OpenSSH\;C:\Program Files\PuTTY\;C:\ProgramData\chocolatey\bin;C:\Program Files\RedHat\java-1.8.0-openjdk-1.8.0.302-1\jre\bin;C:\Program Files\RedHat\java-11-openjdk-11.0.12-1\bin;C:\Program Files\PowerShell\7\;C:\Program Files\Git\cmd;C:\Program Files (x86)\Universal Extractor;C:\Program Files (x86)\Universal Extractor\bin;C:\Users\mj_study\AppData\Local\Microsoft\WindowsApps;C:\Users\mj_study\AppData\Local\GitHubDesktop\bin;C:\Users\mj_study\AppData\Local\Programs\Microsoft VS Code\bin;C:\tools\neovim\Neovim\bin;
USERNAME=mj_study
LANG=en_US.UTF-8
OS=Windows_NT
PROCESSOR_IDENTIFIER=Intel64 Family 6 Model 140 Stepping 1, GenuineIntel



---------------  S Y S T E M  ---------------

OS: Windows 10 , 64 bit Build 19041 (10.0.19041.1348)
OS uptime: 10 days 3:13 hours
Hyper-V role detected

CPU:total 8 (initial active 8) (4 cores per cpu, 2 threads per core) family 6 model 140 stepping 1 microcode 0x86, cmov, cx8, fxsr, mmx, sse, sse2, sse3, ssse3, sse4.1, sse4.2, popcnt, avx, avx2, aes, clmul, erms, 3dnowpref, lzcnt, ht, tsc, tscinvbit, bmi1, bmi2, adx, evex, sha, fma

Memory: 4k page, system-wide physical 16103M (3358M free)
TotalPageFile size 22247M (AvailPageFile size 244M)
current process WorkingSet (physical memory assigned to process): 10M, peak: 10M
current process commit charge ("private bytes"): 60M, peak: 312M

vm_info: OpenJDK 64-Bit Server VM (11.0.12+7-LTS) for windows-amd64 JRE (11.0.12+7-LTS), built on Jul 15 2021 16:55:31 by "" with unknown MS VC++:1916

END.
